# JRE version: OpenJDK Runtime Environment JBR-25+36-176.4-jcef (25.0+36) (build 25+36-b176.4)
# Java VM: OpenJDK 64-Bit Server VM JBR-25+36-176.4-jcef (25+36-b176.4, mixed mode, sharing, tiered, compressed oops, compressed class ptrs, g1 gc, linux-amd64)
GC Precious Log:
 CardTable entry size: 512
 Card Set container configuration: InlinePtr #cards 3 size 8 Array Of Cards #cards 128 size 272 Howl #buckets 8 coarsen threshold 29491 Howl Bitmap #cards 4096 size 528 coarsen threshold 3686 Card regions per heap region 1 cards per card region 32768
 CPUs: 24 total, 24 available
 Memory: 95828M
 Large Page Support: Disabled
 NUMA Support: Disabled
 Compressed Oops: Enabled (Zero based)
 Heap Region Size: 16M
 Heap Min Capacity: 16M
 Heap Initial Capacity: 1504M
 Heap Max Capacity: 23968M
 Pre-touch: Disabled
 Parallel Workers: 18
 Concurrent Workers: 5
 Concurrent Refinement Workers: 18
 Periodic GC: Disabled
Heap:
 garbage-first heap   total reserved 24543232K, committed 851968K, used 329490K [0x0000000226000000, 0x0000000800000000)
  region size 16384K, 20 young (327680K), 1 survivors (16384K)
GC Heap Usage History (20 events):
Event: 0.550 {heap Before GC invocations=0 (full 0):
 garbage-first heap   total reserved 24543232K, committed 1556480K, used 67930K [0x0000000226000000, 0x0000000800000000)
  region size 16384K, 4 young (65536K), 0 survivors (0K)
}
Event: 0.559 {heap After GC invocations=1 (full 0):
 garbage-first heap   total reserved 24543232K, committed 1556480K, used 13079K [0x0000000226000000, 0x0000000800000000)
  region size 16384K, 1 young (16384K), 1 survivors (16384K)
}
Event: 0.888 {heap Before GC invocations=1 (full 0):
 garbage-first heap   total reserved 24543232K, committed 1556480K, used 62231K [0x0000000226000000, 0x0000000800000000)
  region size 16384K, 5 young (81920K), 1 survivors (16384K)
}
Event: 0.895 {heap After GC invocations=2 (full 0):
 garbage-first heap   total reserved 24543232K, committed 1556480K, used 20064K [0x0000000226000000, 0x0000000800000000)
  region size 16384K, 2 young (32768K), 2 survivors (32768K)
}
Event: 7.850 {heap Before GC invocations=3 (full 0):
 garbage-first heap   total reserved 24543232K, committed 163840K, used 134752K [0x0000000226000000, 0x0000000800000000)
  region size 16384K, 9 young (147456K), 2 survivors (32768K)
}
Event: 7.860 {heap After GC invocations=4 (full 0):
 garbage-first heap   total reserved 24543232K, committed 196608K, used 24682K [0x0000000226000000, 0x0000000800000000)
  region size 16384K, 2 young (32768K), 2 survivors (32768K)
}
Event: 7.914 {heap Before GC invocations=4 (full 0):
 garbage-first heap   total reserved 24543232K, committed 196608K, used 41066K [0x0000000226000000, 0x0000000800000000)
  region size 16384K, 4 young (65536K), 2 survivors (32768K)
}
Event: 7.924 {heap After GC invocations=5 (full 0):
 garbage-first heap   total reserved 24543232K, committed 196608K, used 25460K [0x0000000226000000, 0x0000000800000000)
  region size 16384K, 1 young (16384K), 1 survivors (16384K)
}
Event: 7.947 {heap Before GC invocations=5 (full 0):
 garbage-first heap   total reserved 24543232K, committed 196608K, used 25460K [0x0000000226000000, 0x0000000800000000)
  region size 16384K, 2 young (32768K), 1 survivors (16384K)
}
Event: 7.950 {heap After GC invocations=6 (full 0):
 garbage-first heap   total reserved 24543232K, committed 196608K, used 25032K [0x0000000226000000, 0x0000000800000000)
  region size 16384K, 1 young (16384K), 1 survivors (16384K)
}
Event: 8.342 {heap Before GC invocations=7 (full 0):
 garbage-first heap   total reserved 24543232K, committed 163840K, used 123336K [0x0000000226000000, 0x0000000800000000)
  region size 16384K, 7 young (114688K), 1 survivors (16384K)
}
Event: 8.345 {heap After GC invocations=8 (full 0):
 garbage-first heap   total reserved 24543232K, committed 163840K, used 33204K [0x0000000226000000, 0x0000000800000000)
  region size 16384K, 1 young (16384K), 1 survivors (16384K)
}
Event: 8.434 {heap Before GC invocations=8 (full 0):
 garbage-first heap   total reserved 24543232K, committed 163840K, used 115124K [0x0000000226000000, 0x0000000800000000)
  region size 16384K, 6 young (98304K), 1 survivors (16384K)
}
Event: 8.437 {heap After GC invocations=9 (full 0):
 garbage-first heap   total reserved 24543232K, committed 163840K, used 34844K [0x0000000226000000, 0x0000000800000000)
  region size 16384K, 1 young (16384K), 1 survivors (16384K)
}
Event: 8.742 {heap Before GC invocations=9 (full 0):
 garbage-first heap   total reserved 24543232K, committed 163840K, used 100380K [0x0000000226000000, 0x0000000800000000)
  region size 16384K, 5 young (81920K), 1 survivors (16384K)
}
Event: 8.744 {heap After GC invocations=10 (full 0):
 garbage-first heap   total reserved 24543232K, committed 163840K, used 33357K [0x0000000226000000, 0x0000000800000000)
  region size 16384K, 1 young (16384K), 1 survivors (16384K)
}
Event: 8.803 {heap Before GC invocations=10 (full 0):
 garbage-first heap   total reserved 24543232K, committed 163840K, used 82509K [0x0000000226000000, 0x0000000800000000)
  region size 16384K, 5 young (81920K), 1 survivors (16384K)
}
Event: 8.806 {heap After GC invocations=11 (full 0):
 garbage-first heap   total reserved 24543232K, committed 163840K, used 32098K [0x0000000226000000, 0x0000000800000000)
  region size 16384K, 1 young (16384K), 1 survivors (16384K)
}
Event: 8.905 {heap Before GC invocations=11 (full 0):
 garbage-first heap   total reserved 24543232K, committed 163840K, used 97634K [0x0000000226000000, 0x0000000800000000)
  region size 16384K, 5 young (81920K), 1 survivors (16384K)
}
Event: 8.907 {heap After GC invocations=12 (full 0):
 garbage-first heap   total reserved 24543232K, committed 851968K, used 34578K [0x0000000226000000, 0x0000000800000000)
  region size 16384K, 1 young (16384K), 1 survivors (16384K)
}

