# JRE version: OpenJDK Runtime Environment JBR-25+36-176.4-jcef (25.0+36) (build 25+36-b176.4)
# Java VM: OpenJDK 64-Bit Server VM JBR-25+36-176.4-jcef (25+36-b176.4, mixed mode, sharing, tiered, compressed oops, compressed class ptrs, g1 gc, linux-amd64)
GC Precious Log:
 CardTable entry size: 512
 Card Set container configuration: InlinePtr #cards 3 size 8 Array Of Cards #cards 128 size 272 Howl #buckets 8 coarsen threshold 29491 Howl Bitmap #cards 4096 size 528 coarsen threshold 3686 Card regions per heap region 1 cards per card region 32768
 CPUs: 24 total, 24 available
 Memory: 95828M
 Large Page Support: Disabled
 NUMA Support: Disabled
 Compressed Oops: Enabled (Zero based)
 Heap Region Size: 16M
 Heap Min Capacity: 16M
 Heap Initial Capacity: 1504M
 Heap Max Capacity: 23968M
 Pre-touch: Disabled
 Parallel Workers: 18
 Concurrent Workers: 5
 Concurrent Refinement Workers: 18
 Periodic GC: Disabled
Heap:
 garbage-first heap   total reserved 24543232K, committed 851968K, used 312988K [0x0000000226000000, 0x0000000800000000)
  region size 16384K, 20 young (327680K), 1 survivors (16384K)
GC Heap Usage History (20 events):
Event: 0.527 {heap Before GC invocations=0 (full 0):
 garbage-first heap   total reserved 24543232K, committed 1556480K, used 67930K [0x0000000226000000, 0x0000000800000000)
  region size 16384K, 4 young (65536K), 0 survivors (0K)
}
Event: 0.537 {heap After GC invocations=1 (full 0):
 garbage-first heap   total reserved 24543232K, committed 1556480K, used 13239K [0x0000000226000000, 0x0000000800000000)
  region size 16384K, 1 young (16384K), 1 survivors (16384K)
}
Event: 0.859 {heap Before GC invocations=1 (full 0):
 garbage-first heap   total reserved 24543232K, committed 1556480K, used 62391K [0x0000000226000000, 0x0000000800000000)
  region size 16384K, 5 young (81920K), 1 survivors (16384K)
}
Event: 0.866 {heap After GC invocations=2 (full 0):
 garbage-first heap   total reserved 24543232K, committed 1556480K, used 20240K [0x0000000226000000, 0x0000000800000000)
  region size 16384K, 2 young (32768K), 2 survivors (32768K)
}
Event: 23.808 {heap Before GC invocations=3 (full 0):
 garbage-first heap   total reserved 24543232K, committed 163840K, used 118544K [0x0000000226000000, 0x0000000800000000)
  region size 16384K, 9 young (147456K), 2 survivors (32768K)
}
Event: 23.820 {heap After GC invocations=4 (full 0):
 garbage-first heap   total reserved 24543232K, committed 196608K, used 25387K [0x0000000226000000, 0x0000000800000000)
  region size 16384K, 2 young (32768K), 2 survivors (32768K)
}
Event: 23.857 {heap Before GC invocations=4 (full 0):
 garbage-first heap   total reserved 24543232K, committed 196608K, used 25387K [0x0000000226000000, 0x0000000800000000)
  region size 16384K, 3 young (49152K), 2 survivors (32768K)
}
Event: 23.867 {heap After GC invocations=5 (full 0):
 garbage-first heap   total reserved 24543232K, committed 196608K, used 25502K [0x0000000226000000, 0x0000000800000000)
  region size 16384K, 1 young (16384K), 1 survivors (16384K)
}
Event: 23.883 {heap Before GC invocations=5 (full 0):
 garbage-first heap   total reserved 24543232K, committed 196608K, used 25502K [0x0000000226000000, 0x0000000800000000)
  region size 16384K, 2 young (32768K), 1 survivors (16384K)
}
Event: 23.885 {heap After GC invocations=6 (full 0):
 garbage-first heap   total reserved 24543232K, committed 196608K, used 24911K [0x0000000226000000, 0x0000000800000000)
  region size 16384K, 1 young (16384K), 1 survivors (16384K)
}
Event: 24.280 {heap Before GC invocations=7 (full 0):
 garbage-first heap   total reserved 24543232K, committed 163840K, used 123215K [0x0000000226000000, 0x0000000800000000)
  region size 16384K, 7 young (114688K), 1 survivors (16384K)
}
Event: 24.283 {heap After GC invocations=8 (full 0):
 garbage-first heap   total reserved 24543232K, committed 163840K, used 29319K [0x0000000226000000, 0x0000000800000000)
  region size 16384K, 1 young (16384K), 1 survivors (16384K)
}
Event: 24.395 {heap Before GC invocations=8 (full 0):
 garbage-first heap   total reserved 24543232K, committed 163840K, used 111239K [0x0000000226000000, 0x0000000800000000)
  region size 16384K, 6 young (98304K), 1 survivors (16384K)
}
Event: 24.397 {heap After GC invocations=9 (full 0):
 garbage-first heap   total reserved 24543232K, committed 163840K, used 36495K [0x0000000226000000, 0x0000000800000000)
  region size 16384K, 1 young (16384K), 1 survivors (16384K)
}
Event: 24.722 {heap Before GC invocations=9 (full 0):
 garbage-first heap   total reserved 24543232K, committed 163840K, used 85647K [0x0000000226000000, 0x0000000800000000)
  region size 16384K, 5 young (81920K), 1 survivors (16384K)
}
Event: 24.724 {heap After GC invocations=10 (full 0):
 garbage-first heap   total reserved 24543232K, committed 163840K, used 34881K [0x0000000226000000, 0x0000000800000000)
  region size 16384K, 1 young (16384K), 1 survivors (16384K)
}
Event: 24.782 {heap Before GC invocations=10 (full 0):
 garbage-first heap   total reserved 24543232K, committed 163840K, used 100417K [0x0000000226000000, 0x0000000800000000)
  region size 16384K, 5 young (81920K), 1 survivors (16384K)
}
Event: 24.784 {heap After GC invocations=11 (full 0):
 garbage-first heap   total reserved 24543232K, committed 163840K, used 34495K [0x0000000226000000, 0x0000000800000000)
  region size 16384K, 1 young (16384K), 1 survivors (16384K)
}
Event: 24.928 {heap Before GC invocations=11 (full 0):
 garbage-first heap   total reserved 24543232K, committed 163840K, used 100031K [0x0000000226000000, 0x0000000800000000)
  region size 16384K, 5 young (81920K), 1 survivors (16384K)
}
Event: 24.931 {heap After GC invocations=12 (full 0):
 garbage-first heap   total reserved 24543232K, committed 851968K, used 34460K [0x0000000226000000, 0x0000000800000000)
  region size 16384K, 1 young (16384K), 1 survivors (16384K)
}

